* Starting client
* Connecting to master process on port 10465
* Analyzing classpath: 
  - D:\work\environment\IdeaProjects\testtwo\target\test-classes
  - D:\work\environment\IdeaProjects\testtwo\target\classes
  - C:\Users\user\.m2\repository\junit\junit\4.12\junit-4.12.jar
  - C:\Users\user\.m2\repository\org\hamcrest\hamcrest-core\1.3\hamcrest-core-1.3.jar
  - C:\Users\user\.m2\repository\org\springframework\spring-core\4.3.5.RELEASE\spring-core-4.3.5.RELEASE.jar
  - C:\Users\user\.m2\repository\commons-logging\commons-logging\1.2\commons-logging-1.2.jar
  - C:\Users\user\.m2\repository\org\springframework\spring-web\4.3.5.RELEASE\spring-web-4.3.5.RELEASE.jar
  - C:\Users\user\.m2\repository\org\springframework\spring-aop\4.3.5.RELEASE\spring-aop-4.3.5.RELEASE.jar
  - C:\Users\user\.m2\repository\org\springframework\spring-beans\4.3.5.RELEASE\spring-beans-4.3.5.RELEASE.jar
  - C:\Users\user\.m2\repository\org\springframework\spring-context\4.3.5.RELEASE\spring-context-4.3.5.RELEASE.jar
  - C:\Users\user\.m2\repository\org\springframework\spring-webmvc\4.3.5.RELEASE\spring-webmvc-4.3.5.RELEASE.jar
  - C:\Users\user\.m2\repository\org\springframework\spring-expression\4.3.5.RELEASE\spring-expression-4.3.5.RELEASE.jar
  - C:\Users\user\.m2\repository\org\springframework\spring-test\4.3.5.RELEASE\spring-test-4.3.5.RELEASE.jar
  - C:\Users\user\.m2\repository\net\sf\json-lib\json-lib\2.4\json-lib-2.4-jdk15.jar
  - C:\Users\user\.m2\repository\commons-beanutils\commons-beanutils\1.8.0\commons-beanutils-1.8.0.jar
  - C:\Users\user\.m2\repository\commons-collections\commons-collections\3.2.1\commons-collections-3.2.1.jar
  - C:\Users\user\.m2\repository\commons-lang\commons-lang\2.5\commons-lang-2.5.jar
  - C:\Users\user\.m2\repository\net\sf\ezmorph\ezmorph\1.0.6\ezmorph-1.0.6.jar
  - C:\Users\user\.m2\repository\org\json\json\20090211\json-20090211.jar
  - C:\Users\user\.m2\repository\org\apache\httpcomponents\httpcore\4.0.1\httpcore-4.0.1.jar
  - C:\Users\user\.m2\repository\org\apache\httpcomponents\httpclient\4.5.6\httpclient-4.5.6.jar
  - C:\Users\user\.m2\repository\commons-codec\commons-codec\1.10\commons-codec-1.10.jar
  - C:\Users\user\.m2\repository\org\codehaus\groovy\groovy-all\2.4.4\groovy-all-2.4.4.jar
  - C:\Users\user\.m2\repository\org\hibernate\hibernate-validator\4.3.2.Final\hibernate-validator-4.3.2.Final.jar
  - C:\Users\user\.m2\repository\javax\validation\validation-api\1.0.0.GA\validation-api-1.0.0.GA.jar
  - C:\Users\user\.m2\repository\org\jboss\logging\jboss-logging\3.1.0.CR2\jboss-logging-3.1.0.CR2.jar
  - C:\Users\user\.m2\repository\javax\servlet\servlet-api\2.5\servlet-api-2.5.jar
  - C:\Users\user\.m2\repository\org\seleniumhq\selenium\selenium-chrome-driver\2.53.0\selenium-chrome-driver-2.53.0.jar
  - C:\Users\user\.m2\repository\org\seleniumhq\selenium\selenium-remote-driver\2.53.0\selenium-remote-driver-2.53.0.jar
  - C:\Users\user\.m2\repository\cglib\cglib-nodep\2.1_3\cglib-nodep-2.1_3.jar
  - C:\Users\user\.m2\repository\com\google\code\gson\gson\2.3.1\gson-2.3.1.jar
  - C:\Users\user\.m2\repository\org\seleniumhq\selenium\selenium-api\2.53.0\selenium-api-2.53.0.jar
  - C:\Users\user\.m2\repository\com\google\guava\guava\19.0\guava-19.0.jar
  - C:\Users\user\.m2\repository\org\apache\commons\commons-exec\1.3\commons-exec-1.3.jar
  - C:\Users\user\.m2\repository\net\java\dev\jna\jna\4.1.0\jna-4.1.0.jar
  - C:\Users\user\.m2\repository\net\java\dev\jna\jna-platform\4.1.0\jna-platform-4.1.0.jar
* Finished analyzing classpath
* Generating tests for class com.test.uploadFile.test
* Test criteria:
  - Line Coverage
  - Branch Coverage
  - Exception
  - Mutation testing (weak)
  - Method-Output Coverage
  - Top-Level Method Coverage
  - No-Exception Top-Level Method Coverage
  - Context Branch Coverage
* Setting up search algorithm for whole suite generation
[MASTER] 11:01:28.142 [pool-2-thread-1] WARN  TestSuiteSerialization - Cannot load tests because file does not exist: D:\work\environment\IdeaProjects\testtwo\.evosuite\evosuite-seeds\com.test.uploadFile.test.seed
* Loaded 0 tests from D:\work\environment\IdeaProjects\testtwo\.evosuite\evosuite-seeds\com.test.uploadFile.test.seed
* Total number of test goals: 
  - Line 15
  - Branch 4
  - Exception 0
  - MutationFactory 8
  - Output 3
  - Method 3
  - MethodNoException 3
  - CBranchFitnessFactory 4
* Using seed 1554346884380
* Starting evolution
[MASTER] 11:01:32.076 [pool-2-thread-1] WARN  TestChromosome - Functional mock problem: org.evosuite.ga.ConstructionFailedException: Have no generator for class javax.servlet.http.HttpServletRequestWrapper canUseFunctionalMocks=false, canBeMocked: true
[MASTER] 11:01:33.084 [pool-2-thread-1] WARN  TestChromosome - Functional mock problem: org.evosuite.ga.ConstructionFailedException: Have no generator for class javax.servlet.http.HttpServletResponseWrapper canUseFunctionalMocks=false, canBeMocked: true
[MASTER] 11:01:33.311 [pool-2-thread-1] WARN  TestChromosome - Functional mock problem: org.evosuite.ga.ConstructionFailedException: Failed to add constructor for javax.servlet.ServletRequestWrapper due to org.evosuite.ga.ConstructionFailedException: Have no generator for class javax.servlet.http.HttpServletRequestWrapper canUseFunctionalMocks=false, canBeMocked: true
[MASTER] 11:01:36.199 [pool-2-thread-1] WARN  TestChromosome - Functional mock problem: org.evosuite.ga.ConstructionFailedException: Failed to add constructor for javax.servlet.ServletResponseWrapper due to org.evosuite.ga.ConstructionFailedException: Have no generator for class javax.servlet.http.HttpServletResponseWrapper canUseFunctionalMocks=false, canBeMocked: true
* Search finished after 42s and 165 generations, 48561 statements, best individual has fitness: 2.5
* Writing sequences to pool
* Minimizing test suite
* Going to analyze the coverage criteria
* Coverage analysis for criterion LINE
* Coverage of criterion LINE: 93%
* Total number of goals: 15
* Number of covered goals: 14
* Coverage analysis for criterion BRANCH
* Coverage of criterion BRANCH: 100%
* Total number of goals: 4
* Number of covered goals: 4
* Coverage analysis for criterion EXCEPTION
* Coverage of criterion EXCEPTION: 100%
* Total number of goals: 1
* Number of covered goals: 1
* Coverage analysis for criterion WEAKMUTATION
* Coverage of criterion WEAKMUTATION: 88%
* Total number of goals: 8
* Number of covered goals: 7
* Coverage analysis for criterion OUTPUT
* Coverage of criterion OUTPUT: 33%
* Total number of goals: 3
* Number of covered goals: 1
* Coverage analysis for criterion METHOD
* Coverage of criterion METHOD: 100%
* Total number of goals: 3
* Number of covered goals: 3
* Coverage analysis for criterion METHODNOEXCEPTION
* Coverage of criterion METHODNOEXCEPTION: 100%
* Total number of goals: 3
* Number of covered goals: 3
* Coverage analysis for criterion CBRANCH
* Coverage of criterion CBRANCH: 100%
* Total number of goals: 4
* Number of covered goals: 4
* Generated 3 tests with total length 9
* Resulting test suite's coverage: 92% (average coverage for all fitness functions)
* Generating assertions
* Resulting test suite's mutation score: 40%
* Compiling and checking tests
* Writing JUnit test case 'test_ESTest' to D:\work\environment\IdeaProjects\testtwo\.evosuite\tmp_2019_04_04_10_20_21\tests
* Done!

